<?xml version="1.0" encoding="UTF-8"?>
<!-- Generated by org.testng.reporters.JUnitReportReporter -->
<testsuite hostname="DESKTOP-2LVTPIB" failures="0" tests="1" name="com.salesForce.runner.TestRunnerA" time="0.172" errors="0" timestamp="2022-02-27T23:40:59 CST" skipped="0">
  <testcase classname="com.salesForce.runner.TestRunnerA" name="runScenario" time="0.172"/>
  <system-out/>
</testsuite> <!-- com.salesForce.runner.TestRunnerA -->
